  Sprite.cpp
Sprite.cpp(40): warning C4244: '=': 'double'에서 'float'(으)로 변환하면서 데이터가 손실될 수 있습니다.
Sprite.cpp(43): warning C4244: '=': 'double'에서 'float'(으)로 변환하면서 데이터가 손실될 수 있습니다.
Sprite.cpp(15): warning C4996: 'sprintf': This function or variable may be unsafe. Consider using sprintf_s instead. To disable deprecation, use _CRT_SECURE_NO_WARNINGS. See online help for details.
  C:\Program Files (x86)\Windows Kits\10\Include\10.0.15063.0\ucrt\stdio.h(1772): note: 'sprintf' 선언을 참조하십시오.
Sprite.cpp(16): warning C4996: 'fopen': This function or variable may be unsafe. Consider using fopen_s instead. To disable deprecation, use _CRT_SECURE_NO_WARNINGS. See online help for details.
  C:\Program Files (x86)\Windows Kits\10\Include\10.0.15063.0\ucrt\stdio.h(207): note: 'fopen' 선언을 참조하십시오.
Sprite.cpp(36): warning C4996: 'strtok': This function or variable may be unsafe. Consider using strtok_s instead. To disable deprecation, use _CRT_SECURE_NO_WARNINGS. See online help for details.
  C:\Program Files (x86)\Windows Kits\10\Include\10.0.15063.0\ucrt\string.h(439): note: 'strtok' 선언을 참조하십시오.
Sprite.cpp(39): warning C4996: 'strtok': This function or variable may be unsafe. Consider using strtok_s instead. To disable deprecation, use _CRT_SECURE_NO_WARNINGS. See online help for details.
  C:\Program Files (x86)\Windows Kits\10\Include\10.0.15063.0\ucrt\string.h(439): note: 'strtok' 선언을 참조하십시오.
Sprite.cpp(42): warning C4996: 'strtok': This function or variable may be unsafe. Consider using strtok_s instead. To disable deprecation, use _CRT_SECURE_NO_WARNINGS. See online help for details.
  C:\Program Files (x86)\Windows Kits\10\Include\10.0.15063.0\ucrt\string.h(439): note: 'strtok' 선언을 참조하십시오.
Sprite.cpp(25): warning C4101: 'animationTime' :참조되지 않은 지역 변수입니다.
  코드를 생성하고 있습니다.
  0 of 356 functions ( 0.0%) were compiled, the rest were copied from previous compilation.
    0 functions were new in current compilation
    0 functions had inline decision re-evaluated but remain unchanged
  코드를 생성했습니다.
  RythmGame.vcxproj -> C:\Users\atents\Desktop\example\example\RythmGame\Release\RythmGame.exe
